<?xml version="1.0" encoding="UTF-8"?>
<testng-results ignored="0" total="3" passed="3" failed="0" skipped="0">
  <reporter-output>
  </reporter-output>
  <suite started-at="2021-04-30T06:19:44Z" name="AllTests" finished-at="2021-04-30T06:20:55Z" duration-ms="71341">
    <groups>
    </groups>
    <test started-at="2021-04-30T06:19:44Z" name="PositiveTests" finished-at="2021-04-30T06:20:06Z" duration-ms="22237">
      <class name="com.herokuapp.theinternet.PositiveTests">
        <test-method signature="loginTest()[pri:0, instance:com.herokuapp.theinternet.PositiveTests@209da20d]" started-at="2021-04-30T06:19:44Z" name="loginTest" finished-at="2021-04-30T06:20:06Z" duration-ms="22202" status="PASS">
          <reporter-output>
          </reporter-output>
        </test-method> <!-- loginTest -->
      </class> <!-- com.herokuapp.theinternet.PositiveTests -->
    </test> <!-- PositiveTests -->
    <test started-at="2021-04-30T06:20:06Z" name="NegativeTests" finished-at="2021-04-30T06:20:55Z" duration-ms="49061">
      <class name="com.herokuapp.theinternet.NegativeTests">
        <test-method signature="incorrectPasswordTest()[pri:0, instance:com.herokuapp.theinternet.NegativeTests@1e1a0406]" started-at="2021-04-30T06:20:06Z" name="incorrectPasswordTest" finished-at="2021-04-30T06:20:30Z" duration-ms="23578" status="PASS">
          <reporter-output>
          </reporter-output>
        </test-method> <!-- incorrectPasswordTest -->
        <test-method signature="incorrectUsernameTest()[pri:0, instance:com.herokuapp.theinternet.NegativeTests@1e1a0406]" started-at="2021-04-30T06:20:30Z" name="incorrectUsernameTest" finished-at="2021-04-30T06:20:55Z" duration-ms="25481" status="PASS">
          <reporter-output>
          </reporter-output>
        </test-method> <!-- incorrectUsernameTest -->
      </class> <!-- com.herokuapp.theinternet.NegativeTests -->
    </test> <!-- NegativeTests -->
  </suite> <!-- AllTests -->
</testng-results>
