<?xml version="1.0" encoding="UTF-8"?>
<!-- Generated by org.testng.reporters.JUnitXMLReporter -->
<testsuite ignored="0" hostname="HSC-F2WSJC2" failures="0" tests="2" name="NegativeTests" time="49.061" errors="0" timestamp="30 Apr 2021 06:20:55 GMT">
  <testcase classname="com.herokuapp.theinternet.NegativeTests" name="incorrectPasswordTest" time="23.578"/>
  <testcase classname="com.herokuapp.theinternet.NegativeTests" name="incorrectUsernameTest" time="25.481"/>
</testsuite> <!-- NegativeTests -->
